DEPRECATION WARNING: config.action_view.debug_rjs will be removed in 3.1, from 3.1 onwards you will need to install prototype-rails to continue to use RJS templates . (called from service at /home/nyros/.rvm/rubies/ruby-1.9.2-p180/lib/ruby/1.9.1/webrick/httpserver.rb:111)


Started GET "/rails/info/properties" for 127.0.0.1 at 2011-06-16 10:19:00 +0530
  Processing by Rails::InfoController#properties as HTML
  [1m[36mSQL (11.9ms)[0m  [1m SELECT name
 FROM sqlite_master
 WHERE type = 'table' AND NOT name = 'sqlite_sequence'
[0m
Rendered inline template (0.9ms)
Completed 200 OK in 84ms (Views: 2.8ms | ActiveRecord: 11.9ms)
DEPRECATION WARNING: config.action_view.debug_rjs will be removed in 3.1, from 3.1 onwards you will need to install prototype-rails to continue to use RJS templates . (called from service at /home/nyros/.rvm/rubies/ruby-1.9.2-p180/lib/ruby/1.9.1/webrick/httpserver.rb:111)


Started GET "/rails/info/properties" for 127.0.0.1 at 2011-06-16 10:47:49 +0530
  Processing by Rails::InfoController#properties as HTML
  [1m[36mSQL (0.8ms)[0m  [1m SELECT name
 FROM sqlite_master
 WHERE type = 'table' AND NOT name = 'sqlite_sequence'
[0m
Rendered inline template (1.0ms)
Completed 200 OK in 69ms (Views: 2.9ms | ActiveRecord: 0.8ms)


Started GET "/posts" for 127.0.0.1 at 2011-06-16 10:48:28 +0530
  Processing by PostsController#index as HTML
  [1m[35mPost Load (0.5ms)[0m  SELECT "posts".* FROM "posts"
SQLite3::SQLException: no such table: posts: SELECT "posts".* FROM "posts"
Completed 500 Internal Server Error in 174ms

ActiveRecord::StatementInvalid (SQLite3::SQLException: no such table: posts: SELECT "posts".* FROM "posts"):
  app/controllers/posts_controller.rb:5:in `index'

Rendered /home/nyros/.rvm/gems/ruby-1.9.2-p180/gems/actionpack-3.0.8/lib/action_dispatch/middleware/templates/rescues/_trace.erb (2.4ms)
Rendered /home/nyros/.rvm/gems/ruby-1.9.2-p180/gems/actionpack-3.0.8/lib/action_dispatch/middleware/templates/rescues/_request_and_response.erb (5.1ms)
Rendered /home/nyros/.rvm/gems/ruby-1.9.2-p180/gems/actionpack-3.0.8/lib/action_dispatch/middleware/templates/rescues/diagnostics.erb within rescues/layout (15.7ms)
DEPRECATION WARNING: config.action_view.debug_rjs will be removed in 3.1, from 3.1 onwards you will need to install prototype-rails to continue to use RJS templates . (called from service at /home/nyros/.rvm/rubies/ruby-1.9.2-p180/lib/ruby/1.9.1/webrick/httpserver.rb:111)


Started GET "/posts" for 127.0.0.1 at 2011-06-16 11:04:49 +0530
  Processing by PostsController#index as HTML
  [1m[36mPost Load (1.3ms)[0m  [1mSELECT "posts".* FROM "posts"[0m
SQLite3::SQLException: no such table: posts: SELECT "posts".* FROM "posts"
Completed 500 Internal Server Error in 118ms

ActiveRecord::StatementInvalid (SQLite3::SQLException: no such table: posts: SELECT "posts".* FROM "posts"):
  app/controllers/posts_controller.rb:5:in `index'

Rendered /home/nyros/.rvm/gems/ruby-1.9.2-p180/gems/actionpack-3.0.8/lib/action_dispatch/middleware/templates/rescues/_trace.erb (2.7ms)
Rendered /home/nyros/.rvm/gems/ruby-1.9.2-p180/gems/actionpack-3.0.8/lib/action_dispatch/middleware/templates/rescues/_request_and_response.erb (6.4ms)
Rendered /home/nyros/.rvm/gems/ruby-1.9.2-p180/gems/actionpack-3.0.8/lib/action_dispatch/middleware/templates/rescues/diagnostics.erb within rescues/layout (18.0ms)


Started GET "/develoment" for 127.0.0.1 at 2011-06-16 11:05:16 +0530

ActionController::RoutingError (No route matches "/develoment"):
  

Rendered /home/nyros/.rvm/gems/ruby-1.9.2-p180/gems/actionpack-3.0.8/lib/action_dispatch/middleware/templates/rescues/routing_error.erb within rescues/layout (2.0ms)


Started GET "/development" for 127.0.0.1 at 2011-06-16 11:05:22 +0530

ActionController::RoutingError (No route matches "/development"):
  

Rendered /home/nyros/.rvm/gems/ruby-1.9.2-p180/gems/actionpack-3.0.8/lib/action_dispatch/middleware/templates/rescues/routing_error.erb within rescues/layout (2.0ms)
  [1m[36mSQL (0.8ms)[0m  [1m SELECT name
 FROM sqlite_master
 WHERE type = 'table' AND NOT name = 'sqlite_sequence'
[0m
  [1m[35mSQL (0.2ms)[0m  select sqlite_version(*)
  [1m[36mSQL (54.0ms)[0m  [1mCREATE TABLE "schema_migrations" ("version" varchar(255) NOT NULL) [0m
  [1m[35mSQL (0.1ms)[0m  PRAGMA index_list("schema_migrations")
  [1m[36mSQL (2.4ms)[0m  [1mCREATE UNIQUE INDEX "unique_schema_migrations" ON "schema_migrations" ("version")[0m
  [1m[35mSQL (0.3ms)[0m   SELECT name
 FROM sqlite_master
 WHERE type = 'table' AND NOT name = 'sqlite_sequence'
  [1m[36mSQL (0.9ms)[0m  [1m SELECT name
 FROM sqlite_master
 WHERE type = 'table' AND NOT name = 'sqlite_sequence'
[0m
DEPRECATION WARNING: config.action_view.debug_rjs will be removed in 3.1, from 3.1 onwards you will need to install prototype-rails to continue to use RJS templates . (called from service at /home/nyros/.rvm/rubies/ruby-1.9.2-p180/lib/ruby/1.9.1/webrick/httpserver.rb:111)


Started GET "/posts" for 127.0.0.1 at 2011-06-16 11:07:42 +0530
  Processing by PostsController#index as HTML
  [1m[36mPost Load (1.0ms)[0m  [1mSELECT "posts".* FROM "posts"[0m
SQLite3::SQLException: no such table: posts: SELECT "posts".* FROM "posts"
Completed 500 Internal Server Error in 122ms

ActiveRecord::StatementInvalid (SQLite3::SQLException: no such table: posts: SELECT "posts".* FROM "posts"):
  app/controllers/posts_controller.rb:5:in `index'

Rendered /home/nyros/.rvm/gems/ruby-1.9.2-p180/gems/actionpack-3.0.8/lib/action_dispatch/middleware/templates/rescues/_trace.erb (2.5ms)
Rendered /home/nyros/.rvm/gems/ruby-1.9.2-p180/gems/actionpack-3.0.8/lib/action_dispatch/middleware/templates/rescues/_request_and_response.erb (6.0ms)
Rendered /home/nyros/.rvm/gems/ruby-1.9.2-p180/gems/actionpack-3.0.8/lib/action_dispatch/middleware/templates/rescues/diagnostics.erb within rescues/layout (17.9ms)


Started GET "/posts" for 127.0.0.1 at 2011-06-16 11:07:43 +0530
  Processing by PostsController#index as HTML
  [1m[35mPost Load (0.5ms)[0m  SELECT "posts".* FROM "posts"
SQLite3::SQLException: no such table: posts: SELECT "posts".* FROM "posts"
Completed 500 Internal Server Error in 19ms

ActiveRecord::StatementInvalid (SQLite3::SQLException: no such table: posts: SELECT "posts".* FROM "posts"):
  app/controllers/posts_controller.rb:5:in `index'

Rendered /home/nyros/.rvm/gems/ruby-1.9.2-p180/gems/actionpack-3.0.8/lib/action_dispatch/middleware/templates/rescues/_trace.erb (2.4ms)
Rendered /home/nyros/.rvm/gems/ruby-1.9.2-p180/gems/actionpack-3.0.8/lib/action_dispatch/middleware/templates/rescues/_request_and_response.erb (5.0ms)
Rendered /home/nyros/.rvm/gems/ruby-1.9.2-p180/gems/actionpack-3.0.8/lib/action_dispatch/middleware/templates/rescues/diagnostics.erb within rescues/layout (15.4ms)
  [1m[36mSQL (0.9ms)[0m  [1m SELECT name
 FROM sqlite_master
 WHERE type = 'table' AND NOT name = 'sqlite_sequence'
[0m
  [1m[36mSQL (0.9ms)[0m  [1m SELECT name
 FROM sqlite_master
 WHERE type = 'table' AND NOT name = 'sqlite_sequence'
[0m
DEPRECATION WARNING: config.action_view.debug_rjs will be removed in 3.1, from 3.1 onwards you will need to install prototype-rails to continue to use RJS templates . (called from service at /home/nyros/.rvm/rubies/ruby-1.9.2-p180/lib/ruby/1.9.1/webrick/httpserver.rb:111)


Started GET "/posts" for 127.0.0.1 at 2011-06-16 11:10:21 +0530
  Processing by PostsController#index as HTML
  [1m[36mPost Load (1.0ms)[0m  [1mSELECT "posts".* FROM "posts"[0m
SQLite3::SQLException: no such table: posts: SELECT "posts".* FROM "posts"
Completed 500 Internal Server Error in 154ms

ActiveRecord::StatementInvalid (SQLite3::SQLException: no such table: posts: SELECT "posts".* FROM "posts"):
  app/controllers/posts_controller.rb:5:in `index'

Rendered /home/nyros/.rvm/gems/ruby-1.9.2-p180/gems/actionpack-3.0.8/lib/action_dispatch/middleware/templates/rescues/_trace.erb (2.6ms)
Rendered /home/nyros/.rvm/gems/ruby-1.9.2-p180/gems/actionpack-3.0.8/lib/action_dispatch/middleware/templates/rescues/_request_and_response.erb (6.1ms)
Rendered /home/nyros/.rvm/gems/ruby-1.9.2-p180/gems/actionpack-3.0.8/lib/action_dispatch/middleware/templates/rescues/diagnostics.erb within rescues/layout (18.9ms)


Started GET "/posts" for 127.0.0.1 at 2011-06-16 11:10:33 +0530
  Processing by PostsController#index as HTML
  [1m[35mPost Load (0.5ms)[0m  SELECT "posts".* FROM "posts"
SQLite3::SQLException: no such table: posts: SELECT "posts".* FROM "posts"
Completed 500 Internal Server Error in 19ms

ActiveRecord::StatementInvalid (SQLite3::SQLException: no such table: posts: SELECT "posts".* FROM "posts"):
  app/controllers/posts_controller.rb:5:in `index'

Rendered /home/nyros/.rvm/gems/ruby-1.9.2-p180/gems/actionpack-3.0.8/lib/action_dispatch/middleware/templates/rescues/_trace.erb (2.4ms)
Rendered /home/nyros/.rvm/gems/ruby-1.9.2-p180/gems/actionpack-3.0.8/lib/action_dispatch/middleware/templates/rescues/_request_and_response.erb (6.4ms)
Rendered /home/nyros/.rvm/gems/ruby-1.9.2-p180/gems/actionpack-3.0.8/lib/action_dispatch/middleware/templates/rescues/diagnostics.erb within rescues/layout (21.5ms)
DEPRECATION WARNING: config.action_view.debug_rjs will be removed in 3.1, from 3.1 onwards you will need to install prototype-rails to continue to use RJS templates . (called from service at /home/nyros/.rvm/rubies/ruby-1.9.2-p180/lib/ruby/1.9.1/webrick/httpserver.rb:111)


Started GET "/posts" for 127.0.0.1 at 2011-06-16 11:30:56 +0530
  Processing by PostsController#index as HTML
  [1m[36mPost Load (1.0ms)[0m  [1mSELECT "posts".* FROM "posts"[0m
SQLite3::SQLException: no such table: posts: SELECT "posts".* FROM "posts"
Completed 500 Internal Server Error in 122ms

ActiveRecord::StatementInvalid (SQLite3::SQLException: no such table: posts: SELECT "posts".* FROM "posts"):
  app/controllers/posts_controller.rb:5:in `index'

Rendered /home/nyros/.rvm/gems/ruby-1.9.2-p180/gems/actionpack-3.0.8/lib/action_dispatch/middleware/templates/rescues/_trace.erb (2.7ms)
Rendered /home/nyros/.rvm/gems/ruby-1.9.2-p180/gems/actionpack-3.0.8/lib/action_dispatch/middleware/templates/rescues/_request_and_response.erb (6.0ms)
Rendered /home/nyros/.rvm/gems/ruby-1.9.2-p180/gems/actionpack-3.0.8/lib/action_dispatch/middleware/templates/rescues/diagnostics.erb within rescues/layout (20.5ms)
  [1m[36mSQL (0.8ms)[0m  [1m SELECT name
 FROM sqlite_master
 WHERE type = 'table' AND NOT name = 'sqlite_sequence'
[0m
  [1m[35mSQL (0.2ms)[0m  select sqlite_version(*)
  [1m[36mSQL (4.9ms)[0m  [1mCREATE TABLE "schema_migrations" ("version" varchar(255) NOT NULL) [0m
  [1m[35mSQL (0.1ms)[0m  PRAGMA index_list("schema_migrations")
  [1m[36mSQL (2.4ms)[0m  [1mCREATE UNIQUE INDEX "unique_schema_migrations" ON "schema_migrations" ("version")[0m
  [1m[35mSQL (0.3ms)[0m   SELECT name
 FROM sqlite_master
 WHERE type = 'table' AND NOT name = 'sqlite_sequence'
  [1m[36mSQL (0.9ms)[0m  [1m SELECT name
 FROM sqlite_master
 WHERE type = 'table' AND NOT name = 'sqlite_sequence'
[0m
  [1m[36mSQL (0.8ms)[0m  [1m SELECT name
 FROM sqlite_master
 WHERE type = 'table' AND NOT name = 'sqlite_sequence'
[0m
  [1m[35mSQL (0.2ms)[0m  select sqlite_version(*)
  [1m[36mSQL (4.1ms)[0m  [1mCREATE TABLE "schema_migrations" ("version" varchar(255) NOT NULL) [0m
  [1m[35mSQL (0.1ms)[0m  PRAGMA index_list("schema_migrations")
  [1m[36mSQL (2.4ms)[0m  [1mCREATE UNIQUE INDEX "unique_schema_migrations" ON "schema_migrations" ("version")[0m
  [1m[35mSQL (0.3ms)[0m   SELECT name
 FROM sqlite_master
 WHERE type = 'table' AND NOT name = 'sqlite_sequence'
  [1m[36mSQL (1.4ms)[0m  [1m SELECT name
 FROM sqlite_master
 WHERE type = 'table' AND NOT name = 'sqlite_sequence'
[0m
  [1m[36mSQL (0.9ms)[0m  [1m SELECT name
 FROM sqlite_master
 WHERE type = 'table' AND NOT name = 'sqlite_sequence'
[0m
  [1m[35mSQL (0.3ms)[0m   SELECT name
 FROM sqlite_master
 WHERE type = 'table' AND NOT name = 'sqlite_sequence'
  [1m[36mSQL (0.3ms)[0m  [1mSELECT "schema_migrations"."version" FROM "schema_migrations"[0m
Migrating to CreateModes (20110616051315)
  [1m[35mSQL (0.1ms)[0m  select sqlite_version(*)
  [1m[36mSQL (1.1ms)[0m  [1mCREATE TABLE "modes" ("id" INTEGER PRIMARY KEY AUTOINCREMENT NOT NULL, "created_at" datetime, "updated_at" datetime) [0m
  [1m[35mSQL (0.3ms)[0m  INSERT INTO "schema_migrations" ("version") VALUES ('20110616051315')
Migrating to CreatePosts (20110616051555)
  [1m[36mSQL (0.8ms)[0m  [1mCREATE TABLE "posts" ("id" INTEGER PRIMARY KEY AUTOINCREMENT NOT NULL, "name" varchar(255), "address" text, "dob" date, "interests" text, "hobby" text, "desire" text, "created_at" datetime, "updated_at" datetime) [0m
  [1m[35mSQL (0.3ms)[0m  INSERT INTO "schema_migrations" ("version") VALUES ('20110616051555')
  [1m[36mSQL (0.5ms)[0m  [1m SELECT name
 FROM sqlite_master
 WHERE type = 'table' AND NOT name = 'sqlite_sequence'
[0m
  [1m[35mSQL (0.3ms)[0m  SELECT "schema_migrations"."version" FROM "schema_migrations"
  [1m[36mSQL (0.3ms)[0m  [1m SELECT name
 FROM sqlite_master
 WHERE type = 'table' AND NOT name = 'sqlite_sequence'
[0m
  [1m[35mSQL (0.1ms)[0m  PRAGMA index_list("modes")
  [1m[36mSQL (0.1ms)[0m  [1mPRAGMA index_list("posts")[0m
DEPRECATION WARNING: config.action_view.debug_rjs will be removed in 3.1, from 3.1 onwards you will need to install prototype-rails to continue to use RJS templates . (called from service at /home/nyros/.rvm/rubies/ruby-1.9.2-p180/lib/ruby/1.9.1/webrick/httpserver.rb:111)


Started GET "/posts" for 127.0.0.1 at 2011-06-16 11:57:32 +0530
  Processing by PostsController#index as HTML
  [1m[36mPost Load (1.0ms)[0m  [1mSELECT "posts".* FROM "posts"[0m
Rendered posts/index.html.erb within layouts/application (62.2ms)
Completed 200 OK in 204ms (Views: 82.7ms | ActiveRecord: 1.0ms)
DEPRECATION WARNING: config.action_view.debug_rjs will be removed in 3.1, from 3.1 onwards you will need to install prototype-rails to continue to use RJS templates . (called from service at /home/nyros/.rvm/rubies/ruby-1.9.2-p180/lib/ruby/1.9.1/webrick/httpserver.rb:111)


Started GET "/posts" for 127.0.0.1 at 2011-06-16 14:32:04 +0530
  Processing by PostsController#index as HTML
  [1m[36mPost Load (1.0ms)[0m  [1mSELECT "posts".* FROM "posts"[0m
Rendered posts/index.html.erb within layouts/application (62.0ms)
Completed 200 OK in 186ms (Views: 70.3ms | ActiveRecord: 1.0ms)


Started GET "/posts" for 172.20.1.31 at 2011-06-16 14:33:43 +0530
  Processing by PostsController#index as HTML
  [1m[35mPost Load (0.4ms)[0m  SELECT "posts".* FROM "posts"
Rendered posts/index.html.erb within layouts/application (6.0ms)
Completed 200 OK in 28ms (Views: 13.4ms | ActiveRecord: 0.4ms)


Started GET "/posts/new" for 172.20.1.31 at 2011-06-16 14:33:44 +0530
  Processing by PostsController#new as HTML
Rendered posts/_form.html.erb (182.2ms)
Rendered posts/new.html.erb within layouts/application (189.5ms)
Completed 200 OK in 232ms (Views: 208.2ms | ActiveRecord: 0.0ms)


Started POST "/posts" for 172.20.1.31 at 2011-06-16 14:33:53 +0530
  Processing by PostsController#create as HTML
  Parameters: {"utf8"=>"âœ“", "authenticity_token"=>"e7HJCuRLaPmz0PAPusuHjaDgu9WQlqM80PZf9HLAybY=", "post"=>{"name"=>"test", "address"=>"test", "dob(1i)"=>"2011", "dob(2i)"=>"6", "dob(3i)"=>"16", "interests"=>"test", "hobby"=>"", "desire"=>""}, "commit"=>"Create Post"}
  [1m[36mSQL (0.4ms)[0m  [1m SELECT name
 FROM sqlite_master
 WHERE type = 'table' AND NOT name = 'sqlite_sequence'
[0m
  [1m[35mAREL (0.8ms)[0m  INSERT INTO "posts" ("name", "address", "dob", "interests", "hobby", "desire", "created_at", "updated_at") VALUES ('test', 'test', '2011-06-16', 'test', '', '', '2011-06-16 09:03:53.758797', '2011-06-16 09:03:53.758797')
Redirected to http://172.20.1.28:3000/posts/1
Completed 302 Found in 144ms


Started GET "/posts/1" for 172.20.1.31 at 2011-06-16 14:33:54 +0530
  Processing by PostsController#show as HTML
  Parameters: {"id"=>"1"}
  [1m[36mPost Load (0.5ms)[0m  [1mSELECT "posts".* FROM "posts" WHERE "posts"."id" = 1 LIMIT 1[0m
Rendered posts/show.html.erb within layouts/application (27.9ms)
Completed 200 OK in 71ms (Views: 46.6ms | ActiveRecord: 0.5ms)


Started GET "/posts" for 172.20.1.31 at 2011-06-16 14:33:55 +0530
  Processing by PostsController#index as HTML
  [1m[35mPost Load (0.8ms)[0m  SELECT "posts".* FROM "posts"
Rendered posts/index.html.erb within layouts/application (91.6ms)
Completed 200 OK in 115ms (Views: 98.5ms | ActiveRecord: 0.8ms)


Started GET "/posts" for 172.20.1.31 at 2011-06-16 14:39:44 +0530
  Processing by PostsController#index as HTML
  [1m[36mPost Load (0.8ms)[0m  [1mSELECT "posts".* FROM "posts"[0m
Rendered posts/index.html.erb within layouts/application (40.5ms)
Completed 200 OK in 71ms (Views: 51.4ms | ActiveRecord: 0.8ms)


Started GET "/posts" for 127.0.0.1 at 2011-06-16 14:39:46 +0530
  Processing by PostsController#index as HTML
  [1m[35mPost Load (0.8ms)[0m  SELECT "posts".* FROM "posts"
Rendered posts/index.html.erb within layouts/application (140.3ms)
Completed 200 OK in 167ms (Views: 147.2ms | ActiveRecord: 0.8ms)


Started GET "/posts/new" for 127.0.0.1 at 2011-06-16 14:39:53 +0530
  Processing by PostsController#new as HTML
Rendered posts/_form.html.erb (33.5ms)
Rendered posts/new.html.erb within layouts/application (40.3ms)
Completed 200 OK in 77ms (Views: 47.2ms | ActiveRecord: 0.0ms)


Started GET "/posts/new" for 127.0.0.1 at 2011-06-16 14:40:05 +0530
  Processing by PostsController#new as HTML
Rendered posts/_form.html.erb (45.7ms)
Rendered posts/new.html.erb within layouts/application (52.3ms)
Completed 200 OK in 82ms (Views: 60.6ms | ActiveRecord: 0.0ms)


Started GET "/posts/new" for 127.0.0.1 at 2011-06-16 14:40:15 +0530
  Processing by PostsController#new as HTML
Rendered posts/_form.html.erb (40.6ms)
Rendered posts/new.html.erb within layouts/application (51.8ms)
Completed 200 OK in 150ms (Views: 60.6ms | ActiveRecord: 0.0ms)


Started GET "/posts/new" for 127.0.0.1 at 2011-06-16 14:40:45 +0530
  Processing by PostsController#new as HTML
Rendered posts/_form.html.erb (36.0ms)
Rendered posts/new.html.erb within layouts/application (42.5ms)
Completed 200 OK in 73ms (Views: 53.3ms | ActiveRecord: 0.0ms)


Started POST "/posts" for 127.0.0.1 at 2011-06-16 14:41:40 +0530
  Processing by PostsController#create as HTML
  Parameters: {"utf8"=>"âœ“", "authenticity_token"=>"lywtoRE8IoiVXEZ1f6qc2PH1CkJ1HGaXmILQaf1bvWk=", "post"=>{"name"=>"Rohini", "address"=>"Mumbai", "dob(1i)"=>"2006", "dob(2i)"=>"7", "dob(3i)"=>"10", "interests"=>"watching TV", "hobby"=>"Playing tt", "desire"=>"Be sucessful"}, "commit"=>"Create Post"}
  [1m[36mAREL (10.3ms)[0m  [1mINSERT INTO "posts" ("name", "address", "dob", "interests", "hobby", "desire", "created_at", "updated_at") VALUES ('Rohini', 'Mumbai', '2006-07-10', 'watching TV', 'Playing tt', 'Be sucessful', '2011-06-16 09:11:40.650958', '2011-06-16 09:11:40.650958')[0m
Redirected to http://0.0.0.0:3000/posts/2
Completed 302 Found in 86ms


Started GET "/posts/2" for 127.0.0.1 at 2011-06-16 14:41:40 +0530
  Processing by PostsController#show as HTML
  Parameters: {"id"=>"2"}
  [1m[35mPost Load (0.5ms)[0m  SELECT "posts".* FROM "posts" WHERE "posts"."id" = 2 LIMIT 1
Rendered posts/show.html.erb within layouts/application (102.3ms)
Completed 200 OK in 156ms (Views: 111.8ms | ActiveRecord: 10.8ms)


Started GET "/posts" for 127.0.0.1 at 2011-06-16 14:41:46 +0530
  Processing by PostsController#index as HTML
  [1m[36mPost Load (0.8ms)[0m  [1mSELECT "posts".* FROM "posts"[0m
Rendered posts/index.html.erb within layouts/application (40.7ms)
Completed 200 OK in 72ms (Views: 50.1ms | ActiveRecord: 0.8ms)


Started POST "/posts/2" for 127.0.0.1 at 2011-06-16 14:42:04 +0530
  Processing by PostsController#destroy as HTML
  Parameters: {"authenticity_token"=>"lywtoRE8IoiVXEZ1f6qc2PH1CkJ1HGaXmILQaf1bvWk=", "id"=>"2"}
  [1m[35mPost Load (0.5ms)[0m  SELECT "posts".* FROM "posts" WHERE "posts"."id" = 2 LIMIT 1
  [1m[36mAREL (4.7ms)[0m  [1mDELETE FROM "posts" WHERE "posts"."id" = 2[0m
Redirected to http://0.0.0.0:3000/posts
Completed 302 Found in 115ms


Started GET "/posts" for 127.0.0.1 at 2011-06-16 14:42:04 +0530
  Processing by PostsController#index as HTML
  [1m[35mPost Load (0.8ms)[0m  SELECT "posts".* FROM "posts"
Rendered posts/index.html.erb within layouts/application (33.8ms)
Completed 200 OK in 60ms (Views: 41.1ms | ActiveRecord: 0.8ms)
